     1                                  ; 演示数据竞争和锁定的原子操作 
     2                                  
     3                                  section app_header                                      ; 应用程序头部
     4 00000000 [0803000000000000]          length      dq app_end                              ; #0：用户程序的总长度（字节数）
     5 00000008 [FC02000000000000]          entry       dq start                                ; #8：用户程序入口点
     6 00000010 0000000000000000            linear      dq 0                                    ; #16：用户程序加载的虚拟（线性）地址
     7                                  
     8                                  section app_data                                        ; 应用程序数据段
     9                                  
    10 00000000 5468726561642000            tid_prex    db "Thread ", 0
    11 00000008 2068617320636F6D70-         thrd_msg    db " has completed the calculation.", 0
    11 00000011 6C6574656420746865-
    11 0000001A 2063616C63756C6174-
    11 00000023 696F6E2E00         
    12 00000028 0000000000000000            share_d     dq 0
    13                                  
    14                                  section app_code                                        ; 应用程序代码段
    15                                  
    16                                  %include "./common/user_static64.asm"
     1                              <1> ; 用户通用代码
     2                              <1> 
     3                              <1>     bits 64 
     4                              <1> 
     5                              <1> ; ------------------------------------------------------------
     6                              <1> ; bin64_to_dec
     7                              <1> ; 功能: 将二进制数转换为十进制字符串
     8                              <1> ; 输入: r8=64位二进制数, rbx=目标缓冲区线性地址
     9                              <1> ; ------------------------------------------------------------
    10                              <1> bin64_to_dec: 
    11 00000000 50                  <1>     push rax
    12 00000001 53                  <1>     push rbx
    13 00000002 51                  <1>     push rcx
    14 00000003 52                  <1>     push rdx
    15 00000004 4150                <1>     push r8
    16                              <1> 
    17 00000006 490FBAE03F          <1>     bt r8, 63                                       ; 检查最高位, 处理正,负数
    18 0000000B 7309                <1>     jnc .begin
    19 0000000D C6032D              <1>     mov byte [rbx], "-"
    20 00000010 49F7D8              <1>     neg r8                                          ; 取反, 将负数转为正数
    21                              <1> 
    22 00000013 48FFC3              <1>     inc rbx
    23                              <1> 
    24                              <1> .begin:
    25 00000016 4C89C0              <1>     mov rax, r8                                     ; rax 是被除数
    26 00000019 41B80A000000        <1>     mov r8, 10
    27 0000001F 4831C9              <1>     xor rcx, rcx                                    ; rcx 是位数
    28                              <1> 
    29                              <1> .next_div:
    30 00000022 4831D2              <1>     xor rdx, rdx                                    ; 使用 128 位除法, 要将 rdx 清零
    31 00000025 49F7F0              <1>     div r8 
    32 00000028 52                  <1>     push rdx                                        ; 保存分解的数位
    33 00000029 48FFC1              <1>     inc rcx 
    34 0000002C 4809C0              <1>     or rax, rax                                     ; 商为 0?
    35 0000002F 7402                <1>     jz .rotate
    36 00000031 EBEF                <1>     jmp .next_div
    37                              <1> 
    38                              <1> .rotate:
    39 00000033 5A                  <1>     pop rdx 
    40 00000034 80C230              <1>     add dl, 0x30                                    ; 将数位转为 ASCII
    41 00000037 8813                <1>     mov [rbx], dl 
    42 00000039 48FFC3              <1>     inc rbx 
    43 0000003C E2F5                <1>     loop .rotate
    44                              <1> 
    45 0000003E C60300              <1>     mov byte [rbx], 0
    46                              <1> 
    47 00000041 4158                <1>     pop r8
    48 00000043 5A                  <1>     pop rdx
    49 00000044 59                  <1>     pop rcx
    50 00000045 5B                  <1>     pop rbx
    51 00000046 58                  <1>     pop rax
    52                              <1> 
    53 00000047 C3                  <1>     ret 
    54                              <1> 
    55                              <1> ; ------------------------------------------------------------
    56                              <1> ; string_concatenates
    57                              <1> ; 功能: 将源字符串连接到目的字符串的尾部
    58                              <1> ; 输入: rsi=源字符串的线性地址, rdi=目的字符串的线性地址
    59                              <1> ; ------------------------------------------------------------
    60                              <1> string_concatenates:
    61 00000048 50                  <1>     push rax
    62 00000049 56                  <1>     push rsi
    63 0000004A 57                  <1>     push rdi
    64                              <1> 
    65                              <1>     
    66                              <1> .r0:                                                ; 先找到 rdi 的结尾
    67 0000004B 803F00              <1>     cmp byte [rdi], 0
    68 0000004E 7405                <1>     jz .r1 
    69 00000050 48FFC7              <1>     inc rdi 
    70 00000053 EBF6                <1>     jmp .r0 
    71                              <1>     
    72                              <1> .r1:                                                ; 再复制源字符串过去
    73 00000055 8A06                <1>     mov al, [rsi]
    74 00000057 8807                <1>     mov [rdi], al 
    75 00000059 3C00                <1>     cmp al, 0
    76 0000005B 7408                <1>     jz .r2 
    77 0000005D 48FFC6              <1>     inc rsi 
    78 00000060 48FFC7              <1>     inc rdi 
    79 00000063 EBF0                <1>     jmp .r1 
    80                              <1>     
    81                              <1> .r2:
    82 00000065 5F                  <1>     pop rdi 
    83 00000066 5E                  <1>     pop rsi 
    84 00000067 58                  <1>     pop rax 
    85                              <1> 
    86 00000068 C3                  <1>     ret 
    17                                  
    18                                      [bits 64]
    19                                  
    20                                  thread_procedure1:
    21 00000069 4889E5                      mov rbp, rsp                                        ; rbp 访问栈中数据, 高级语言中的局部变量
    22 0000006C 4883EC20                    sub rsp, 32
    23                                  
    24 00000070 B80A000000                  mov rax, 10                                         ; 分配内存
    25 00000075 BAA0000000                  mov rdx, 160                                        ; 160 个字节
    26 0000007A 0F05                        syscall
    27                                  
    28 0000007C 4C896DF8                    mov [rbp - 8], r13                                  ; rbp-8->字符串缓冲区的线性地址
    29                                  
    30 00000080 4981C580000000              add r13, 128
    31 00000087 4C896DF0                    mov [rbp - 16], r13                                 ; rbp-16->用来保存线程标识的文本
    32                                  
    33 0000008B B808000000                  mov rax, 8                                          ; 获得当前线程的标识
    34 00000090 0F05                        syscall
    35 00000092 4989C0                      mov r8, rax 
    36 00000095 488B5DF0                    mov rbx, [rbp - 16]
    37 00000099 E862FFFFFF                  call bin64_to_dec
    38                                  
    39 0000009E B90065CD1D                  mov rcx, 500000000
    40                                  
    41                                  .plus_one:
    42 000000A3 F048FF05(28000000)          lock inc qword [rel share_d]
    43 000000AB E2F6                        loop .plus_one
    44                                  
    45 000000AD 4C8B25(10000000)            mov r12, [rel linear]
    46                                  
    47 000000B4 488B7DF8                    mov rdi, [rbp - 8]                                  ; 缓冲区清零
    48 000000B8 C60700                      mov byte [rdi], 0
    49                                  
    50 000000BB 498DB424[00000000]          lea rsi, [r12 + tid_prex]
    51 000000C3 E880FFFFFF                  call string_concatenates
    52                                  
    53 000000C8 488B75F0                    mov rsi, [rbp - 16]
    54 000000CC E877FFFFFF                  call string_concatenates
    55                                  
    56 000000D1 498DB424[08000000]          lea rsi, [r12 + thrd_msg]
    57 000000D9 E86AFFFFFF                  call string_concatenates
    58                                  
    59 000000DE B800000000                  mov rax, 0                                          ; 当前线程可以使用的显示行
    60 000000E3 0F05                        syscall                                             ; 可用显示行, dh=行号
    61                                  
    62 000000E5 B200                        mov dl, 0                                           ; 列坐标
    63 000000E7 41B10F                      mov r9b, 0x0f                                       ; 文本颜色
    64                                  
    65 000000EA B802000000                  mov rax, 2                                          ; 在指定坐标显示字符串
    66 000000EF 4889FB                      mov rbx, rdi 
    67 000000F2 0F05                        syscall
    68                                  
    69 000000F4 4889EC                      mov rsp, rbp                                        ; 栈平衡到返回位置
    70 000000F7 C3                          ret 
    71                                  
    72                                  thread_procedure2:
    73 000000F8 4889E5                      mov rbp, rsp                                        ; rbp 访问栈中数据, 高级语言中的局部变量
    74 000000FB 4883EC20                    sub rsp, 32
    75                                  
    76 000000FF B80A000000                  mov rax, 10                                         ; 分配内存
    77 00000104 BAA0000000                  mov rdx, 160                                        ; 160 个字节
    78 00000109 0F05                        syscall
    79                                  
    80 0000010B 4C896DF8                    mov [rbp - 8], r13                                  ; rbp-8->字符串缓冲区的线性地址
    81                                  
    82 0000010F 4981C580000000              add r13, 128
    83 00000116 4C896DF0                    mov [rbp - 16], r13                                 ; rbp-16->用来保存线程标识的文本
    84                                  
    85 0000011A B808000000                  mov rax, 8                                          ; 获得当前线程的标识
    86 0000011F 0F05                        syscall
    87 00000121 4989C0                      mov r8, rax 
    88 00000124 488B5DF0                    mov rbx, [rbp - 16]
    89 00000128 E8D3FEFFFF                  call bin64_to_dec
    90                                  
    91 0000012D B90065CD1D                  mov rcx, 500000000
    92                                  
    93                                  .minus_one:
    94 00000132 F048FF0D(28000000)          lock dec qword [rel share_d]
    95 0000013A E2F6                        loop .minus_one
    96                                  
    97 0000013C 4C8B25(10000000)            mov r12, [rel linear]
    98                                  
    99 00000143 488B7DF8                    mov rdi, [rbp - 8]                                  ; 缓冲区清零
   100 00000147 C60700                      mov byte [rdi], 0
   101                                  
   102 0000014A 498DB424[00000000]          lea rsi, [r12 + tid_prex]
   103 00000152 E8F1FEFFFF                  call string_concatenates
   104                                  
   105 00000157 488B75F0                    mov rsi, [rbp - 16]
   106 0000015B E8E8FEFFFF                  call string_concatenates
   107                                  
   108 00000160 498DB424[08000000]          lea rsi, [r12 + thrd_msg]
   109 00000168 E8DBFEFFFF                  call string_concatenates
   110                                  
   111 0000016D B800000000                  mov rax, 0                                          ; 当前线程可以使用的显示行
   112 00000172 0F05                        syscall                                             ; 可用显示行, dh=行号
   113                                  
   114 00000174 B200                        mov dl, 0                                           ; 列坐标
   115 00000176 41B10F                      mov r9b, 0x0f                                       ; 文本颜色
   116                                  
   117 00000179 B802000000                  mov rax, 2                                          ; 在指定坐标显示字符串
   118 0000017E 4889FB                      mov rbx, rdi 
   119 00000181 0F05                        syscall
   120                                  
   121 00000183 4889EC                      mov rsp, rbp                                        ; 栈平衡到返回位置
   122 00000186 C3                          ret 
   123                                  
   124                                  main:
   125 00000187 488B3D(10000000)            mov rdi, [rel linear]             
   126                                  
   127 0000018E B807000000                  mov rax, 7                                          ; 创建线程
   128                                  
   129 00000193 488DB7[69000000]            lea rsi, [rdi + thread_procedure1]                  ; 线程例程的线性地址
   130 0000019A 0F05                        syscall 
   131 0000019C 48891579000000              mov [rel .thrd_1], rdx                              ; 保存线程 1 的标识
   132                                  
   133 000001A3 488DB7[F8000000]            lea rsi, [rdi + thread_procedure2]                  ; 线程例程的线性地址
   134 000001AA 0F05                        syscall 
   135 000001AC 48891571000000              mov [rel .thrd_2], rdx                              ; 保存线程 2 的标识
   136                                  
   137 000001B3 B80B000000                  mov rax, 11
   138 000001B8 488B155D000000              mov rdx, [rel .thrd_1]                              ; 等待线程 1 结束
   139 000001BF 0F05                        syscall
   140 000001C1 488B155C000000              mov rdx, [rel .thrd_2]                              ; 等待线程 2 结束
   141 000001C8 0F05                        syscall
   142                                  
   143 000001CA 4C8B25(10000000)            mov r12, [rel linear]
   144                                  
   145 000001D1 498DBC24[7C020000]          lea rdi, [r12 + .main_buf]                          ; 字符串缓冲区清零
   146 000001D9 C60700                      mov byte [rdi], 0
   147                                  
   148 000001DC 498DB424[2C020000]          lea rsi, [r12 + .main_msg]
   149 000001E4 E85FFEFFFF                  call string_concatenates
   150                                  
   151 000001E9 4C8B05(28000000)            mov r8, [rel share_d]                               ; 共享变量
   152 000001F0 498D9C24[5C020000]          lea rbx, [r12 + .main_dat]
   153 000001F8 E803FEFFFF                  call bin64_to_dec
   154                                  
   155 000001FD 4889DE                      mov rsi, rbx 
   156 00000200 E843FEFFFF                  call string_concatenates
   157                                  
   158 00000205 B800000000                  mov rax, 0                                          ; 当前线程可以使用的显示行
   159 0000020A 0F05                        syscall                                             ; 可用显示行, dh=行号
   160                                  
   161 0000020C B200                        mov dl, 0                                           ; 列坐标
   162 0000020E 41B10F                      mov r9b, 0x0f                                       ; 文本颜色
   163                                  
   164 00000211 B802000000                  mov rax, 2                                          ; 在指定坐标显示字符串
   165 00000216 4889FB                      mov rbx, rdi 
   166 00000219 0F05                        syscall
   167                                  
   168 0000021B C3                          ret 
   169                                  
   170 0000021C 0000000000000000            .thrd_1     dq 0                                    ; 线程1的标识
   171 00000224 0000000000000000            .thrd_2     dq 0                                    ; 线程2的标识
   172                                  
   173 0000022C 54686520726573756C-         .main_msg   db "The result after calculation by two threads is:", 0
   173 00000235 742061667465722063-
   173 0000023E 616C63756C6174696F-
   173 00000247 6E2062792074776F20-
   173 00000250 746872656164732069-
   173 00000259 733A00             
   174 0000025C 00<rep 20h>                 .main_dat   times 32 db 0
   175 0000027C 00<rep 80h>                 .main_buf   times 128 db 0
   176                                  
   177                                  start:
   178                                      ; 初始化代码...
   179                                  
   180 000002FC E886FEFFFF                  call main
   181                                  
   182                                      ; 清理, 收尾代码
   183                                  
   184 00000301 B805000000                  mov rax, 5                                  ; 终止任务
   185 00000306 0F05                        syscall
   186                                  
   187                                  app_end:
